<?xml version="1.0" encoding="UTF-8"?>
<!-- Generated by org.testng.reporters.JUnitReportReporter -->
<testsuite skipped="0" hostname="Lenovo" name="org.test.Facebook" tests="1" failures="0" timestamp="19 Sep 2022 09:39:52 GMT" time="0.087" errors="0">
  <testcase name="s1" time="0.087" classname="org.test.Facebook"/>
</testsuite> <!-- org.test.Facebook -->
